<?xml version="1.0" encoding="UTF-8"?>
<testng-results skipped="0" failed="0" ignored="0" total="1" passed="1">
  <reporter-output>
  </reporter-output>
  <suite name="Suite" duration-ms="7170" started-at="2018-02-24T19:55:36Z" finished-at="2018-02-24T19:55:43Z">
    <groups>
    </groups>
    <test name="Test" duration-ms="7170" started-at="2018-02-24T19:55:36Z" finished-at="2018-02-24T19:55:43Z">
      <class name="MavenTest.NewTest">
        <test-method status="PASS" signature="beforeTest()[pri:0, instance:MavenTest.NewTest@614c5515]" name="beforeTest" is-config="true" duration-ms="4334" started-at="2018-02-24T19:55:36Z" finished-at="2018-02-24T19:55:41Z">
          <reporter-output>
          </reporter-output>
        </test-method> <!-- beforeTest -->
        <test-method status="PASS" signature="MavernTest()[pri:0, instance:MavenTest.NewTest@614c5515]" name="MavernTest" duration-ms="1932" started-at="2018-02-24T19:55:41Z" finished-at="2018-02-24T19:55:43Z">
          <reporter-output>
          </reporter-output>
        </test-method> <!-- MavernTest -->
        <test-method status="PASS" signature="afterTest()[pri:0, instance:MavenTest.NewTest@614c5515]" name="afterTest" is-config="true" duration-ms="806" started-at="2018-02-24T19:55:43Z" finished-at="2018-02-24T19:55:43Z">
          <reporter-output>
          </reporter-output>
        </test-method> <!-- afterTest -->
      </class> <!-- MavenTest.NewTest -->
    </test> <!-- Test -->
  </suite> <!-- Suite -->
</testng-results>
