<?xml version="1.0" encoding="UTF-8"?>
<testng-results skipped="0" failed="0" ignored="0" total="1" passed="1">
  <reporter-output>
  </reporter-output>
  <suite name="Default suite" duration-ms="7449" started-at="2018-02-24T19:45:56Z" finished-at="2018-02-24T19:46:03Z">
    <groups>
    </groups>
    <test name="Default test" duration-ms="7449" started-at="2018-02-24T19:45:56Z" finished-at="2018-02-24T19:46:03Z">
      <class name="MavenTest.NewTest">
        <test-method status="PASS" signature="beforeTest()[pri:0, instance:MavenTest.NewTest@1e88b3c]" name="beforeTest" is-config="true" duration-ms="4516" started-at="2018-02-24T19:45:56Z" finished-at="2018-02-24T19:46:00Z">
          <reporter-output>
          </reporter-output>
        </test-method> <!-- beforeTest -->
        <test-method status="PASS" signature="MavernTest()[pri:0, instance:MavenTest.NewTest@1e88b3c]" name="MavernTest" duration-ms="2118" started-at="2018-02-24T19:46:00Z" finished-at="2018-02-24T19:46:02Z">
          <reporter-output>
          </reporter-output>
        </test-method> <!-- MavernTest -->
        <test-method status="PASS" signature="afterTest()[pri:0, instance:MavenTest.NewTest@1e88b3c]" name="afterTest" is-config="true" duration-ms="781" started-at="2018-02-24T19:46:02Z" finished-at="2018-02-24T19:46:03Z">
          <reporter-output>
          </reporter-output>
        </test-method> <!-- afterTest -->
      </class> <!-- MavenTest.NewTest -->
    </test> <!-- Default test -->
  </suite> <!-- Default suite -->
</testng-results>
